<?xml version="1.0" encoding="UTF-8"?>
<!-- Generated by org.testng.reporters.JUnitReportReporter -->
<testsuite hostname="RohiniGupta" failures="0" tests="1" name="Selenium1.Testcase1" time="32.634" errors="0" timestamp="17 Feb 2019 09:17:28 GMT" skipped="0">
  <testcase classname="Selenium1.Testcase1" name="test1" time="32.634"/>
</testsuite> <!-- Selenium1.Testcase1 -->
